<?xml version="1.0" encoding="UTF-8"?>
<testng-results ignored="0" total="1" passed="1" failed="0" skipped="0">
  <reporter-output>
  </reporter-output>
  <suite started-at="2020-12-03T13:44:52Z" name="SeleniumTestCase" finished-at="2020-12-03T13:45:12Z" duration-ms="20370">
    <groups>
    </groups>
    <test started-at="2020-12-03T13:44:52Z" name="Command line test" finished-at="2020-12-03T13:45:12Z" duration-ms="20370">
      <class name="SeleniumTestCase">
        <test-method is-config="true" signature="setUp()[pri:0, instance:SeleniumTestCase@49b0b76]" started-at="2020-12-03T18:44:52Z" name="setUp" finished-at="2020-12-03T18:45:00Z" duration-ms="7817" status="PASS">
          <reporter-output>
          </reporter-output>
        </test-method> <!-- setUp -->
        <test-method signature="testWebPage()[pri:0, instance:SeleniumTestCase@49b0b76]" started-at="2020-12-03T18:45:00Z" name="testWebPage" finished-at="2020-12-03T18:45:12Z" duration-ms="12520" status="PASS">
          <reporter-output>
          </reporter-output>
        </test-method> <!-- testWebPage -->
      </class> <!-- SeleniumTestCase -->
    </test> <!-- Command line test -->
  </suite> <!-- SeleniumTestCase -->
</testng-results>
